This is pdfTeX, Version 3.141592653-2.6-1.40.22 (TeX Live 2021/Arch Linux) (preloaded format=pdflatex 2021.11.29)  5 DEC 2021 23:53
entering extended mode
 restricted \write18 enabled.
 %&-line parsing enabled.
**ijcai09.tex
(./ijcai09.tex
LaTeX2e <2020-10-01> patch level 4
L3 programming layer <2021-02-18>
IJCAI-09 Instructions for Authors
(/usr/share/texmf-dist/tex/latex/base/article.cls
Document Class: article 2020/04/10 v1.4m Standard LaTeX document class
(/usr/share/texmf-dist/tex/latex/base/size10.clo
File: size10.clo 2020/04/10 v1.4m Standard LaTeX file (size option)
)
\c@part=\count179
\c@section=\count180
\c@subsection=\count181
\c@subsubsection=\count182
\c@paragraph=\count183
\c@subparagraph=\count184
\c@figure=\count185
\c@table=\count186
\abovecaptionskip=\skip47
\belowcaptionskip=\skip48
\bibindent=\dimen138
) (./ijcai09.sty
Conference Style, version of 6 September 1995 (revised Nov 2000)
\titlebox=\skip49
Named Citation Style, version of 30 November 1994
) (/usr/share/texmf-dist/tex/latex/psnfss/times.sty
Package: times 2020/03/25 PSNFSS-v9.3 (SPQR) 
)
LaTeX Font Info:    Trying to load font information for OT1+ptm on input line 4
5.

(/usr/share/texmf-dist/tex/latex/psnfss/ot1ptm.fd
File: ot1ptm.fd 2001/06/04 font definitions for OT1/ptm.
)
(/usr/share/texmf-dist/tex/latex/l3backend/l3backend-pdftex.def
File: l3backend-pdftex.def 2021-03-18 L3 backend support: PDF output (pdfTeX)
\l__color_backend_stack_int=\count187
\l__pdf_internal_box=\box47
) (./ijcai09.aux)
\openout1 = `ijcai09.aux'.

LaTeX Font Info:    Checking defaults for OML/cmm/m/it on input line 45.
LaTeX Font Info:    ... okay on input line 45.
LaTeX Font Info:    Checking defaults for OMS/cmsy/m/n on input line 45.
LaTeX Font Info:    ... okay on input line 45.
LaTeX Font Info:    Checking defaults for OT1/cmr/m/n on input line 45.
LaTeX Font Info:    ... okay on input line 45.
LaTeX Font Info:    Checking defaults for T1/cmr/m/n on input line 45.
LaTeX Font Info:    ... okay on input line 45.
LaTeX Font Info:    Checking defaults for TS1/cmr/m/n on input line 45.
LaTeX Font Info:    ... okay on input line 45.
LaTeX Font Info:    Checking defaults for OMX/cmex/m/n on input line 45.
LaTeX Font Info:    ... okay on input line 45.
LaTeX Font Info:    Checking defaults for U/cmr/m/n on input line 45.
LaTeX Font Info:    ... okay on input line 45.
LaTeX Font Info:    External font `cmex10' loaded for size
(Font)              <14.4> on input line 47.
LaTeX Font Info:    External font `cmex10' loaded for size
(Font)              <7> on input line 47.
LaTeX Font Info:    External font `cmex10' loaded for size
(Font)              <12> on input line 47.
LaTeX Font Info:    External font `cmex10' loaded for size
(Font)              <8> on input line 47.
LaTeX Font Info:    External font `cmex10' loaded for size
(Font)              <6> on input line 47.
LaTeX Font Info:    External font `cmex10' loaded for size
(Font)              <9> on input line 47.
LaTeX Font Info:    External font `cmex10' loaded for size
(Font)              <5> on input line 47.
LaTeX Font Info:    Trying to load font information for TS1+ptm on input line 7
4.
 (/usr/share/texmf-dist/tex/latex/psnfss/ts1ptm.fd
File: ts1ptm.fd 2001/06/04 font definitions for TS1/ptm.
) [1{/var/lib/texmf/fonts/map/pdftex/updmap/pdftex.map}



]

LaTeX Warning: Citation `gottlob:nonmon' on page 2 undefined on input line 163.



LaTeX Warning: Citation `abelson-et-al:scheme' on page 2 undefined on input lin
e 165.


LaTeX Warning: Citation `bgf:Lixto' on page 2 undefined on input line 166.


LaTeX Warning: Citation `brachman-schmolze:kl-one' on page 2 undefined on input
 line 167.


LaTeX Warning: Citation `nebel:jair-2000' on page 2 undefined on input line 169
.


LaTeX Warning: Citation `gls:hypertrees' on page 2 undefined on input line 170.



LaTeX Warning: Citation `levesque:functional-foundations' on page 2 undefined o
n input line 170.


LaTeX Warning: Citation `abelson-et-al:scheme' undefined on input line 171.


LaTeX Warning: Citation `bgf:Lixto' undefined on input line 172.


LaTeX Warning: Citation `brachman-schmolze:kl-one' undefined on input line 173.



LaTeX Warning: Citation `gottlob:nonmon' undefined on input line 174.


LaTeX Warning: Citation `gls:hypertrees' undefined on input line 175.


LaTeX Warning: Citation `levesque:functional-foundations' undefined on input li
ne 176.


LaTeX Warning: Citation `levesque:belief' undefined on input line 177.


LaTeX Warning: Citation `nebel:jair-2000' undefined on input line 178.

LaTeX Font Info:    Trying to load font information for OT1+pcr on input line 2
26.
(/usr/share/texmf-dist/tex/latex/psnfss/ot1pcr.fd
File: ot1pcr.fd 2001/06/04 font definitions for OT1/pcr.
)
No file ijcai09.bbl.
[2] (./ijcai09.aux)

LaTeX Warning: There were undefined references.

 ) 
Here is how much of TeX's memory you used:
 579 strings out of 478994
 9199 string characters out of 5864750
 305697 words of memory out of 5000000
 18103 multiletter control sequences out of 15000+600000
 427573 words of font info for 69 fonts, out of 8000000 for 9000
 1141 hyphenation exceptions out of 8191
 44i,10n,50p,339b,248s stack positions out of 5000i,500n,10000p,200000b,80000s
{/usr/share/texmf-dist/fonts/enc/dvips/base/8r.enc}</usr/share/texmf-dist/fon
ts/type1/public/amsfonts/cm/cmsy10.pfb></usr/share/texmf-dist/fonts/type1/publi
c/amsfonts/cm/cmsy6.pfb></usr/share/texmf-dist/fonts/type1/public/amsfonts/cm/c
msy7.pfb></usr/share/texmf-dist/fonts/type1/urw/courier/ucrr8a.pfb></usr/share/
texmf-dist/fonts/type1/urw/times/utmb8a.pfb></usr/share/texmf-dist/fonts/type1/
urw/times/utmr8a.pfb></usr/share/texmf-dist/fonts/type1/urw/times/utmri8a.pfb>
Output written on ijcai09.pdf (2 pages, 83972 bytes).
PDF statistics:
 40 PDF objects out of 1000 (max. 8388607)
 28 compressed objects within 1 object stream
 0 named destinations out of 1000 (max. 500000)
 1 words of extra memory for PDF output out of 10000 (max. 10000000)

